# JRE version: OpenJDK Runtime Environment (8.0_131-b11) (build 1.8.0_131-8u131-b11-2ubuntu1.16.04.3-b11)
# Java VM: OpenJDK 64-Bit Server VM (25.131-b11 mixed mode linux-amd64 compressed oops)
Heap:
 PSYoungGen      total 315392K, used 204031K [0x00000000eab00000, 0x0000000100000000, 0x0000000100000000)
  eden space 282624K, 60% used [0x00000000eab00000,0x00000000f5258e58,0x00000000fbf00000)
  from space 32768K, 99% used [0x00000000fbf00000,0x00000000fdee70c0,0x00000000fdf00000)
  to   space 33792K, 0% used [0x00000000fdf00000,0x00000000fdf00000,0x0000000100000000)
 ParOldGen       total 134656K, used 51023K [0x00000000c0000000, 0x00000000c8380000, 0x00000000eab00000)
  object space 134656K, 37% used [0x00000000c0000000,0x00000000c31d3e90,0x00000000c8380000)
 Metaspace       used 55715K, capacity 57825K, committed 58072K, reserved 1099776K
  class space    used 6225K, capacity 7423K, committed 7424K, reserved 1048576K
GC Heap History (10 events):
Event: 9,033 GC heap before
{Heap before GC invocations=11 (full 1):
 PSYoungGen      total 263168K, used 256203K [0x00000000eab00000, 0x00000000fc600000, 0x0000000100000000)
  eden space 240128K, 100% used [0x00000000eab00000,0x00000000f9580000,0x00000000f9580000)
  from space 23040K, 69% used [0x00000000f9580000,0x00000000fa532ff0,0x00000000fac00000)
  to   space 23552K, 0% used [0x00000000faf00000,0x00000000faf00000,0x00000000fc600000)
 ParOldGen       total 87552K, used 23059K [0x00000000c0000000, 0x00000000c5580000, 0x00000000eab00000)
  object space 87552K, 26% used [0x00000000c0000000,0x00000000c1684d50,0x00000000c5580000)
 Metaspace       used 31396K, capacity 32328K, committed 32640K, reserved 1077248K
  class space    used 3489K, capacity 3849K, committed 3968K, reserved 1048576K
Event: 9,079 GC heap after
Heap after GC invocations=11 (full 1):
 PSYoungGen      total 259072K, used 23540K [0x00000000eab00000, 0x0000000100000000, 0x0000000100000000)
  eden space 235520K, 0% used [0x00000000eab00000,0x00000000eab00000,0x00000000f9100000)
  from space 23552K, 99% used [0x00000000faf00000,0x00000000fc5fd110,0x00000000fc600000)
  to   space 30720K, 0% used [0x00000000f9100000,0x00000000f9100000,0x00000000faf00000)
 ParOldGen       total 87552K, used 32800K [0x00000000c0000000, 0x00000000c5580000, 0x00000000eab00000)
  object space 87552K, 37% used [0x00000000c0000000,0x00000000c2008138,0x00000000c5580000)
 Metaspace       used 31396K, capacity 32328K, committed 32640K, reserved 1077248K
  class space    used 3489K, capacity 3849K, committed 3968K, reserved 1048576K
}
Event: 10,022 GC heap before
{Heap before GC invocations=12 (full 1):
 PSYoungGen      total 259072K, used 163275K [0x00000000eab00000, 0x0000000100000000, 0x0000000100000000)
  eden space 235520K, 59% used [0x00000000eab00000,0x00000000f3375d80,0x00000000f9100000)
  from space 23552K, 99% used [0x00000000faf00000,0x00000000fc5fd110,0x00000000fc600000)
  to   space 30720K, 0% used [0x00000000f9100000,0x00000000f9100000,0x00000000faf00000)
 ParOldGen       total 87552K, used 32800K [0x00000000c0000000, 0x00000000c5580000, 0x00000000eab00000)
  object space 87552K, 37% used [0x00000000c0000000,0x00000000c2008138,0x00000000c5580000)
 Metaspace       used 34382K, capacity 35290K, committed 35416K, reserved 1081344K
  class space    used 3806K, capacity 4171K, committed 4224K, reserved 1048576K
Event: 10,056 GC heap after
Heap after GC invocations=12 (full 1):
 PSYoungGen      total 266240K, used 23316K [0x00000000eab00000, 0x0000000100000000, 0x0000000100000000)
  eden space 235520K, 0% used [0x00000000eab00000,0x00000000eab00000,0x00000000f9100000)
  from space 30720K, 75% used [0x00000000f9100000,0x00000000fa7c50c0,0x00000000faf00000)
  to   space 32256K, 0% used [0x00000000fe080000,0x00000000fe080000,0x0000000100000000)
 ParOldGen       total 87552K, used 38724K [0x00000000c0000000, 0x00000000c5580000, 0x00000000eab00000)
  object space 87552K, 44% used [0x00000000c0000000,0x00000000c25d12b0,0x00000000c5580000)
 Metaspace       used 34382K, capacity 35290K, committed 35416K, reserved 1081344K
  class space    used 3806K, capacity 4171K, committed 4224K, reserved 1048576K
}
Event: 10,056 GC heap before
{Heap before GC invocations=13 (full 2):
 PSYoungGen      total 266240K, used 23316K [0x00000000eab00000, 0x0000000100000000, 0x0000000100000000)
  eden space 235520K, 0% used [0x00000000eab00000,0x00000000eab00000,0x00000000f9100000)
  from space 30720K, 75% used [0x00000000f9100000,0x00000000fa7c50c0,0x00000000faf00000)
  to   space 32256K, 0% used [0x00000000fe080000,0x00000000fe080000,0x0000000100000000)
 ParOldGen       total 87552K, used 38724K [0x00000000c0000000, 0x00000000c5580000, 0x00000000eab00000)
  object space 87552K, 44% used [0x00000000c0000000,0x00000000c25d12b0,0x00000000c5580000)
 Metaspace       used 34382K, capacity 35290K, committed 35416K, reserved 1081344K
  class space    used 3806K, capacity 4171K, committed 4224K, reserved 1048576K
Event: 10,205 GC heap after
Heap after GC invocations=13 (full 2):
 PSYoungGen      total 266240K, used 0K [0x00000000eab00000, 0x0000000100000000, 0x0000000100000000)
  eden space 235520K, 0% used [0x00000000eab00000,0x00000000eab00000,0x00000000f9100000)
  from space 30720K, 0% used [0x00000000f9100000,0x00000000f9100000,0x00000000faf00000)
  to   space 32256K, 0% used [0x00000000fe080000,0x00000000fe080000,0x0000000100000000)
 ParOldGen       total 134656K, used 51007K [0x00000000c0000000, 0x00000000c8380000, 0x00000000eab00000)
  object space 134656K, 37% used [0x00000000c0000000,0x00000000c31cfe90,0x00000000c8380000)
 Metaspace       used 34382K, capacity 35290K, committed 35416K, reserved 1081344K
  class space    used 3806K, capacity 4171K, committed 4224K, reserved 1048576K
}
Event: 19,373 GC heap before
{Heap before GC invocations=14 (full 2):
 PSYoungGen      total 266240K, used 235520K [0x00000000eab00000, 0x0000000100000000, 0x0000000100000000)
  eden space 235520K, 100% used [0x00000000eab00000,0x00000000f9100000,0x00000000f9100000)
  from space 30720K, 0% used [0x00000000f9100000,0x00000000f9100000,0x00000000faf00000)
  to   space 32256K, 0% used [0x00000000fe080000,0x00000000fe080000,0x0000000100000000)
 ParOldGen       total 134656K, used 51007K [0x00000000c0000000, 0x00000000c8380000, 0x00000000eab00000)
  object space 134656K, 37% used [0x00000000c0000000,0x00000000c31cfe90,0x00000000c8380000)
 Metaspace       used 42002K, capacity 43426K, committed 43608K, reserved 1087488K
  class space    used 4760K, capacity 5454K, committed 5504K, reserved 1048576K
Event: 19,402 GC heap after
Heap after GC invocations=14 (full 2):
 PSYoungGen      total 314880K, used 21336K [0x00000000eab00000, 0x0000000100000000, 0x0000000100000000)
  eden space 282624K, 0% used [0x00000000eab00000,0x00000000eab00000,0x00000000fbf00000)
  from space 32256K, 66% used [0x00000000fe080000,0x00000000ff5560b8,0x0000000100000000)
  to   space 33280K, 0% used [0x00000000fbf00000,0x00000000fbf00000,0x00000000fdf80000)
 ParOldGen       total 134656K, used 51015K [0x00000000c0000000, 0x00000000c8380000, 0x00000000eab00000)
  object space 134656K, 37% used [0x00000000c0000000,0x00000000c31d1e90,0x00000000c8380000)
 Metaspace       used 42002K, capacity 43426K, committed 43608K, reserved 1087488K
  class space    used 4760K, capacity 5454K, committed 5504K, reserved 1048576K
}
Event: 23,216 GC heap before
{Heap before GC invocations=15 (full 2):
 PSYoungGen      total 314880K, used 303959K [0x00000000eab00000, 0x0000000100000000, 0x0000000100000000)
  eden space 282624K, 99% used [0x00000000eab00000,0x00000000fbeffee8,0x00000000fbf00000)
  from space 32256K, 66% used [0x00000000fe080000,0x00000000ff5560b8,0x0000000100000000)
  to   space 33280K, 0% used [0x00000000fbf00000,0x00000000fbf00000,0x00000000fdf80000)
 ParOldGen       total 134656K, used 51015K [0x00000000c0000000, 0x00000000c8380000, 0x00000000eab00000)
  object space 134656K, 37% used [0x00000000c0000000,0x00000000c31d1e90,0x00000000c8380000)
 Metaspace       used 54343K, capacity 55973K, committed 56024K, reserved 1097728K
  class space    used 6102K, capacity 6907K, committed 6912K, reserved 1048576K
Event: 23,280 GC heap after
Heap after GC invocations=15 (full 2):
 PSYoungGen      total 315392K, used 32668K [0x00000000eab00000, 0x0000000100000000, 0x0000000100000000)
  eden space 282624K, 0% used [0x00000000eab00000,0x00000000eab00000,0x00000000fbf00000)
  from space 32768K, 99% used [0x00000000fbf00000,0x00000000fdee70c0,0x00000000fdf00000)
  to   space 33792K, 0% used [0x00000000fdf00000,0x00000000fdf00000,0x0000000100000000)
 ParOldGen       total 134656K, used 51023K [0x00000000c0000000, 0x00000000c8380000, 0x00000000eab00000)
  object space 134656K, 37% used [0x00000000c0000000,0x00000000c31d3e90,0x00000000c8380000)
 Metaspace       used 54343K, capacity 55973K, committed 56024K, reserved 1097728K
  class space    used 6102K, capacity 6907K, committed 6912K, reserved 1048576K
}

