# JRE version: OpenJDK Runtime Environment (8.0_131-b11) (build 1.8.0_131-8u131-b11-2ubuntu1.16.04.3-b11)
# Java VM: OpenJDK 64-Bit Server VM (25.131-b11 mixed mode linux-amd64 compressed oops)
Heap:
 PSYoungGen      total 309248K, used 56756K [0x00000000eab00000, 0x0000000100000000, 0x0000000100000000)
  eden space 280576K, 10% used [0x00000000eab00000,0x00000000ec6d4f58,0x00000000fbd00000)
  from space 28672K, 98% used [0x00000000fbd00000,0x00000000fd898440,0x00000000fd900000)
  to   space 36352K, 0% used [0x00000000fdc80000,0x00000000fdc80000,0x0000000100000000)
 ParOldGen       total 153600K, used 51795K [0x00000000c0000000, 0x00000000c9600000, 0x00000000eab00000)
  object space 153600K, 33% used [0x00000000c0000000,0x00000000c3294dc0,0x00000000c9600000)
 Metaspace       used 52717K, capacity 54488K, committed 54744K, reserved 1097728K
  class space    used 6090K, capacity 7062K, committed 7168K, reserved 1048576K
GC Heap History (10 events):
Event: 9,659 GC heap before
{Heap before GC invocations=9 (full 1):
 PSYoungGen      total 257536K, used 257036K [0x00000000eab00000, 0x00000000fc600000, 0x0000000100000000)
  eden space 243200K, 100% used [0x00000000eab00000,0x00000000f9880000,0x00000000f9880000)
  from space 14336K, 96% used [0x00000000fa780000,0x00000000fb503010,0x00000000fb580000)
  to   space 16896K, 0% used [0x00000000fb580000,0x00000000fb580000,0x00000000fc600000)
 ParOldGen       total 95232K, used 23175K [0x00000000c0000000, 0x00000000c5d00000, 0x00000000eab00000)
  object space 95232K, 24% used [0x00000000c0000000,0x00000000c16a1f88,0x00000000c5d00000)
 Metaspace       used 31973K, capacity 32872K, committed 33152K, reserved 1079296K
  class space    used 3567K, capacity 3917K, committed 3968K, reserved 1048576K
Event: 9,708 GC heap after
Heap after GC invocations=9 (full 1):
 PSYoungGen      total 258560K, used 16892K [0x00000000eab00000, 0x0000000100000000, 0x0000000100000000)
  eden space 241664K, 0% used [0x00000000eab00000,0x00000000eab00000,0x00000000f9700000)
  from space 16896K, 99% used [0x00000000fb580000,0x00000000fc5ff050,0x00000000fc600000)
  to   space 31232K, 0% used [0x00000000f9700000,0x00000000f9700000,0x00000000fb580000)
 ParOldGen       total 95232K, used 41742K [0x00000000c0000000, 0x00000000c5d00000, 0x00000000eab00000)
  object space 95232K, 43% used [0x00000000c0000000,0x00000000c28c39e0,0x00000000c5d00000)
 Metaspace       used 31973K, capacity 32872K, committed 33152K, reserved 1079296K
  class space    used 3567K, capacity 3917K, committed 3968K, reserved 1048576K
}
Event: 10,499 GC heap before
{Heap before GC invocations=10 (full 1):
 PSYoungGen      total 258560K, used 146261K [0x00000000eab00000, 0x0000000100000000, 0x0000000100000000)
  eden space 241664K, 53% used [0x00000000eab00000,0x00000000f29564e0,0x00000000f9700000)
  from space 16896K, 99% used [0x00000000fb580000,0x00000000fc5ff050,0x00000000fc600000)
  to   space 31232K, 0% used [0x00000000f9700000,0x00000000f9700000,0x00000000fb580000)
 ParOldGen       total 95232K, used 41742K [0x00000000c0000000, 0x00000000c5d00000, 0x00000000eab00000)
  object space 95232K, 43% used [0x00000000c0000000,0x00000000c28c39e0,0x00000000c5d00000)
 Metaspace       used 34425K, capacity 35406K, committed 35416K, reserved 1081344K
  class space    used 3815K, capacity 4221K, committed 4224K, reserved 1048576K
Event: 10,556 GC heap after
Heap after GC invocations=10 (full 1):
 PSYoungGen      total 272896K, used 28408K [0x00000000eab00000, 0x0000000100000000, 0x0000000100000000)
  eden space 241664K, 0% used [0x00000000eab00000,0x00000000eab00000,0x00000000f9700000)
  from space 31232K, 90% used [0x00000000f9700000,0x00000000fb2be300,0x00000000fb580000)
  to   space 35328K, 0% used [0x00000000fdd80000,0x00000000fdd80000,0x0000000100000000)
 ParOldGen       total 95232K, used 41750K [0x00000000c0000000, 0x00000000c5d00000, 0x00000000eab00000)
  object space 95232K, 43% used [0x00000000c0000000,0x00000000c28c59e0,0x00000000c5d00000)
 Metaspace       used 34425K, capacity 35406K, committed 35416K, reserved 1081344K
  class space    used 3815K, capacity 4221K, committed 4224K, reserved 1048576K
}
Event: 10,556 GC heap before
{Heap before GC invocations=11 (full 2):
 PSYoungGen      total 272896K, used 28408K [0x00000000eab00000, 0x0000000100000000, 0x0000000100000000)
  eden space 241664K, 0% used [0x00000000eab00000,0x00000000eab00000,0x00000000f9700000)
  from space 31232K, 90% used [0x00000000f9700000,0x00000000fb2be300,0x00000000fb580000)
  to   space 35328K, 0% used [0x00000000fdd80000,0x00000000fdd80000,0x0000000100000000)
 ParOldGen       total 95232K, used 41750K [0x00000000c0000000, 0x00000000c5d00000, 0x00000000eab00000)
  object space 95232K, 43% used [0x00000000c0000000,0x00000000c28c59e0,0x00000000c5d00000)
 Metaspace       used 34425K, capacity 35406K, committed 35416K, reserved 1081344K
  class space    used 3815K, capacity 4221K, committed 4224K, reserved 1048576K
Event: 10,736 GC heap after
Heap after GC invocations=11 (full 2):
 PSYoungGen      total 272896K, used 0K [0x00000000eab00000, 0x0000000100000000, 0x0000000100000000)
  eden space 241664K, 0% used [0x00000000eab00000,0x00000000eab00000,0x00000000f9700000)
  from space 31232K, 0% used [0x00000000f9700000,0x00000000f9700000,0x00000000fb580000)
  to   space 35328K, 0% used [0x00000000fdd80000,0x00000000fdd80000,0x0000000100000000)
 ParOldGen       total 153600K, used 51779K [0x00000000c0000000, 0x00000000c9600000, 0x00000000eab00000)
  object space 153600K, 33% used [0x00000000c0000000,0x00000000c3290dc0,0x00000000c9600000)
 Metaspace       used 34414K, capacity 35388K, committed 35416K, reserved 1081344K
  class space    used 3813K, capacity 4218K, committed 4224K, reserved 1048576K
}
Event: 13,386 GC heap before
{Heap before GC invocations=12 (full 2):
 PSYoungGen      total 272896K, used 241664K [0x00000000eab00000, 0x0000000100000000, 0x0000000100000000)
  eden space 241664K, 100% used [0x00000000eab00000,0x00000000f9700000,0x00000000f9700000)
  from space 31232K, 0% used [0x00000000f9700000,0x00000000f9700000,0x00000000fb580000)
  to   space 35328K, 0% used [0x00000000fdd80000,0x00000000fdd80000,0x0000000100000000)
 ParOldGen       total 153600K, used 51779K [0x00000000c0000000, 0x00000000c9600000, 0x00000000eab00000)
  object space 153600K, 33% used [0x00000000c0000000,0x00000000c3290dc0,0x00000000c9600000)
 Metaspace       used 42415K, capacity 43468K, committed 43608K, reserved 1087488K
  class space    used 4816K, capacity 5234K, committed 5248K, reserved 1048576K
Event: 13,402 GC heap after
Heap after GC invocations=12 (full 2):
 PSYoungGen      total 315904K, used 14739K [0x00000000eab00000, 0x0000000100000000, 0x0000000100000000)
  eden space 280576K, 0% used [0x00000000eab00000,0x00000000eab00000,0x00000000fbd00000)
  from space 35328K, 41% used [0x00000000fdd80000,0x00000000febe4fa0,0x0000000100000000)
  to   space 33280K, 0% used [0x00000000fbd00000,0x00000000fbd00000,0x00000000fdd80000)
 ParOldGen       total 153600K, used 51787K [0x00000000c0000000, 0x00000000c9600000, 0x00000000eab00000)
  object space 153600K, 33% used [0x00000000c0000000,0x00000000c3292dc0,0x00000000c9600000)
 Metaspace       used 42415K, capacity 43468K, committed 43608K, reserved 1087488K
  class space    used 4816K, capacity 5234K, committed 5248K, reserved 1048576K
}
Event: 106,885 GC heap before
{Heap before GC invocations=13 (full 2):
 PSYoungGen      total 315904K, used 295315K [0x00000000eab00000, 0x0000000100000000, 0x0000000100000000)
  eden space 280576K, 100% used [0x00000000eab00000,0x00000000fbd00000,0x00000000fbd00000)
  from space 35328K, 41% used [0x00000000fdd80000,0x00000000febe4fa0,0x0000000100000000)
  to   space 33280K, 0% used [0x00000000fbd00000,0x00000000fbd00000,0x00000000fdd80000)
 ParOldGen       total 153600K, used 51787K [0x00000000c0000000, 0x00000000c9600000, 0x00000000eab00000)
  object space 153600K, 33% used [0x00000000c0000000,0x00000000c3292dc0,0x00000000c9600000)
 Metaspace       used 52340K, capacity 54020K, committed 54104K, reserved 1095680K
  class space    used 6059K, capacity 6994K, committed 7040K, reserved 1048576K
Event: 106,917 GC heap after
Heap after GC invocations=13 (full 2):
 PSYoungGen      total 309248K, used 28257K [0x00000000eab00000, 0x0000000100000000, 0x0000000100000000)
  eden space 280576K, 0% used [0x00000000eab00000,0x00000000eab00000,0x00000000fbd00000)
  from space 28672K, 98% used [0x00000000fbd00000,0x00000000fd898440,0x00000000fd900000)
  to   space 36352K, 0% used [0x00000000fdc80000,0x00000000fdc80000,0x0000000100000000)
 ParOldGen       total 153600K, used 51795K [0x00000000c0000000, 0x00000000c9600000, 0x00000000eab00000)
  object space 153600K, 33% used [0x00000000c0000000,0x00000000c3294dc0,0x00000000c9600000)
 Metaspace       used 52340K, capacity 54020K, committed 54104K, reserved 1095680K
  class space    used 6059K, capacity 6994K, committed 7040K, reserved 1048576K
}

