# JRE version: OpenJDK Runtime Environment (8.0_131-b11) (build 1.8.0_131-8u131-b11-2ubuntu1.16.04.3-b11)
# Java VM: OpenJDK 64-Bit Server VM (25.131-b11 mixed mode linux-amd64 compressed oops)
Heap:
 PSYoungGen      total 283648K, used 249004K [0x00000000eab00000, 0x0000000100000000, 0x0000000100000000)
  eden space 251904K, 98% used [0x00000000eab00000,0x00000000f9e2b210,0x00000000fa100000)
  from space 31744K, 0% used [0x00000000fa100000,0x00000000fa100000,0x00000000fc000000)
  to   space 30208K, 0% used [0x00000000fe280000,0x00000000fe280000,0x0000000100000000)
 ParOldGen       total 133120K, used 50435K [0x00000000c0000000, 0x00000000c8200000, 0x00000000eab00000)
  object space 133120K, 37% used [0x00000000c0000000,0x00000000c3140ee8,0x00000000c8200000)
 Metaspace       used 40603K, capacity 41906K, committed 42072K, reserved 1085440K
  class space    used 4592K, capacity 5157K, committed 5248K, reserved 1048576K
GC Heap History (10 events):
Event: 7,359 GC heap before
{Heap before GC invocations=9 (full 1):
 PSYoungGen      total 146432K, used 124928K [0x00000000eab00000, 0x00000000fcd00000, 0x0000000100000000)
  eden space 124928K, 100% used [0x00000000eab00000,0x00000000f2500000,0x00000000f2500000)
  from space 21504K, 0% used [0x00000000f2500000,0x00000000f2500000,0x00000000f3a00000)
  to   space 23552K, 0% used [0x00000000fb600000,0x00000000fb600000,0x00000000fcd00000)
 ParOldGen       total 87552K, used 25724K [0x00000000c0000000, 0x00000000c5580000, 0x00000000eab00000)
  object space 87552K, 29% used [0x00000000c0000000,0x00000000c191f018,0x00000000c5580000)
 Metaspace       used 28598K, capacity 29276K, committed 29440K, reserved 1075200K
  class space    used 3254K, capacity 3537K, committed 3584K, reserved 1048576K
Event: 7,370 GC heap after
Heap after GC invocations=9 (full 1):
 PSYoungGen      total 206336K, used 12543K [0x00000000eab00000, 0x00000000fc280000, 0x0000000100000000)
  eden space 193536K, 0% used [0x00000000eab00000,0x00000000eab00000,0x00000000f6800000)
  from space 12800K, 97% used [0x00000000fb600000,0x00000000fc23fe90,0x00000000fc280000)
  to   space 23040K, 0% used [0x00000000f9580000,0x00000000f9580000,0x00000000fac00000)
 ParOldGen       total 87552K, used 25732K [0x00000000c0000000, 0x00000000c5580000, 0x00000000eab00000)
  object space 87552K, 29% used [0x00000000c0000000,0x00000000c1921018,0x00000000c5580000)
 Metaspace       used 28598K, capacity 29276K, committed 29440K, reserved 1075200K
  class space    used 3254K, capacity 3537K, committed 3584K, reserved 1048576K
}
Event: 8,213 GC heap before
{Heap before GC invocations=10 (full 1):
 PSYoungGen      total 206336K, used 206079K [0x00000000eab00000, 0x00000000fc280000, 0x0000000100000000)
  eden space 193536K, 100% used [0x00000000eab00000,0x00000000f6800000,0x00000000f6800000)
  from space 12800K, 97% used [0x00000000fb600000,0x00000000fc23fe90,0x00000000fc280000)
  to   space 23040K, 0% used [0x00000000f9580000,0x00000000f9580000,0x00000000fac00000)
 ParOldGen       total 87552K, used 25732K [0x00000000c0000000, 0x00000000c5580000, 0x00000000eab00000)
  object space 87552K, 29% used [0x00000000c0000000,0x00000000c1921018,0x00000000c5580000)
 Metaspace       used 28930K, capacity 29742K, committed 30080K, reserved 1075200K
  class space    used 3268K, capacity 3587K, committed 3712K, reserved 1048576K
Event: 8,244 GC heap after
Heap after GC invocations=10 (full 1):
 PSYoungGen      total 263168K, used 19428K [0x00000000eab00000, 0x00000000fd880000, 0x0000000100000000)
  eden space 240128K, 0% used [0x00000000eab00000,0x00000000eab00000,0x00000000f9580000)
  from space 23040K, 84% used [0x00000000f9580000,0x00000000fa879040,0x00000000fac00000)
  to   space 25088K, 0% used [0x00000000fc000000,0x00000000fc000000,0x00000000fd880000)
 ParOldGen       total 87552K, used 25740K [0x00000000c0000000, 0x00000000c5580000, 0x00000000eab00000)
  object space 87552K, 29% used [0x00000000c0000000,0x00000000c1923018,0x00000000c5580000)
 Metaspace       used 28930K, capacity 29742K, committed 30080K, reserved 1075200K
  class space    used 3268K, capacity 3587K, committed 3712K, reserved 1048576K
}
Event: 9,999 GC heap before
{Heap before GC invocations=11 (full 1):
 PSYoungGen      total 263168K, used 259556K [0x00000000eab00000, 0x00000000fd880000, 0x0000000100000000)
  eden space 240128K, 100% used [0x00000000eab00000,0x00000000f9580000,0x00000000f9580000)
  from space 23040K, 84% used [0x00000000f9580000,0x00000000fa879040,0x00000000fac00000)
  to   space 25088K, 0% used [0x00000000fc000000,0x00000000fc000000,0x00000000fd880000)
 ParOldGen       total 87552K, used 25740K [0x00000000c0000000, 0x00000000c5580000, 0x00000000eab00000)
  object space 87552K, 29% used [0x00000000c0000000,0x00000000c1923018,0x00000000c5580000)
 Metaspace       used 31788K, capacity 32664K, committed 32896K, reserved 1079296K
  class space    used 3540K, capacity 3889K, committed 3968K, reserved 1048576K
Event: 10,059 GC heap after
Heap after GC invocations=11 (full 1):
 PSYoungGen      total 276992K, used 25084K [0x00000000eab00000, 0x0000000100000000, 0x0000000100000000)
  eden space 251904K, 0% used [0x00000000eab00000,0x00000000eab00000,0x00000000fa100000)
  from space 25088K, 99% used [0x00000000fc000000,0x00000000fd87f390,0x00000000fd880000)
  to   space 31744K, 0% used [0x00000000fa100000,0x00000000fa100000,0x00000000fc000000)
 ParOldGen       total 87552K, used 33625K [0x00000000c0000000, 0x00000000c5580000, 0x00000000eab00000)
  object space 87552K, 38% used [0x00000000c0000000,0x00000000c20d64a8,0x00000000c5580000)
 Metaspace       used 31788K, capacity 32664K, committed 32896K, reserved 1079296K
  class space    used 3540K, capacity 3889K, committed 3968K, reserved 1048576K
}
Event: 10,827 GC heap before
{Heap before GC invocations=12 (full 1):
 PSYoungGen      total 276992K, used 153027K [0x00000000eab00000, 0x0000000100000000, 0x0000000100000000)
  eden space 251904K, 50% used [0x00000000eab00000,0x00000000f27f1b68,0x00000000fa100000)
  from space 25088K, 99% used [0x00000000fc000000,0x00000000fd87f390,0x00000000fd880000)
  to   space 31744K, 0% used [0x00000000fa100000,0x00000000fa100000,0x00000000fc000000)
 ParOldGen       total 87552K, used 33625K [0x00000000c0000000, 0x00000000c5580000, 0x00000000eab00000)
  object space 87552K, 38% used [0x00000000c0000000,0x00000000c20d64a8,0x00000000c5580000)
 Metaspace       used 34338K, capacity 35290K, committed 35416K, reserved 1081344K
  class space    used 3803K, capacity 4171K, committed 4224K, reserved 1048576K
Event: 10,851 GC heap after
Heap after GC invocations=12 (full 1):
 PSYoungGen      total 283648K, used 11364K [0x00000000eab00000, 0x0000000100000000, 0x0000000100000000)
  eden space 251904K, 0% used [0x00000000eab00000,0x00000000eab00000,0x00000000fa100000)
  from space 31744K, 35% used [0x00000000fa100000,0x00000000fac191f8,0x00000000fc000000)
  to   space 30208K, 0% used [0x00000000fe280000,0x00000000fe280000,0x0000000100000000)
 ParOldGen       total 87552K, used 45190K [0x00000000c0000000, 0x00000000c5580000, 0x00000000eab00000)
  object space 87552K, 51% used [0x00000000c0000000,0x00000000c2c21bb8,0x00000000c5580000)
 Metaspace       used 34338K, capacity 35290K, committed 35416K, reserved 1081344K
  class space    used 3803K, capacity 4171K, committed 4224K, reserved 1048576K
}
Event: 10,851 GC heap before
{Heap before GC invocations=13 (full 2):
 PSYoungGen      total 283648K, used 11364K [0x00000000eab00000, 0x0000000100000000, 0x0000000100000000)
  eden space 251904K, 0% used [0x00000000eab00000,0x00000000eab00000,0x00000000fa100000)
  from space 31744K, 35% used [0x00000000fa100000,0x00000000fac191f8,0x00000000fc000000)
  to   space 30208K, 0% used [0x00000000fe280000,0x00000000fe280000,0x0000000100000000)
 ParOldGen       total 87552K, used 45190K [0x00000000c0000000, 0x00000000c5580000, 0x00000000eab00000)
  object space 87552K, 51% used [0x00000000c0000000,0x00000000c2c21bb8,0x00000000c5580000)
 Metaspace       used 34338K, capacity 35290K, committed 35416K, reserved 1081344K
  class space    used 3803K, capacity 4171K, committed 4224K, reserved 1048576K
Event: 11,053 GC heap after
Heap after GC invocations=13 (full 2):
 PSYoungGen      total 283648K, used 0K [0x00000000eab00000, 0x0000000100000000, 0x0000000100000000)
  eden space 251904K, 0% used [0x00000000eab00000,0x00000000eab00000,0x00000000fa100000)
  from space 31744K, 0% used [0x00000000fa100000,0x00000000fa100000,0x00000000fc000000)
  to   space 30208K, 0% used [0x00000000fe280000,0x00000000fe280000,0x0000000100000000)
 ParOldGen       total 133120K, used 50435K [0x00000000c0000000, 0x00000000c8200000, 0x00000000eab00000)
  object space 133120K, 37% used [0x00000000c0000000,0x00000000c3140ee8,0x00000000c8200000)
 Metaspace       used 34338K, capacity 35290K, committed 35416K, reserved 1081344K
  class space    used 3803K, capacity 4171K, committed 4224K, reserved 1048576K
}

